<?xml version="1.0" encoding="UTF-8"?>
<testsuite xmlns:xsi="http://www.w3.org/2001/XMLSchema-instance" xsi:noNamespaceSchemaLocation="https://maven.apache.org/surefire/maven-surefire-plugin/xsd/surefire-test-report.xsd" name="de.cherry.workbench.explorer.ClassExplorerTest" time="0.245" tests="6" errors="0" skipped="0" failures="0">
  <properties>
    <property name="gopherProxySet" value="false"/>
    <property name="awt.toolkit" value="sun.lwawt.macosx.LWCToolkit"/>
    <property name="file.encoding.pkg" value="sun.io"/>
    <property name="java.specification.version" value="1.8"/>
    <property name="sun.cpu.isalist" value=""/>
    <property name="sun.jnu.encoding" value="UTF-8"/>
    <property name="java.class.path" value="/Users/mbaaxur/Documents/gits/WorkbenchCherry/target/test-classes:/Users/mbaaxur/Documents/gits/WorkbenchCherry/target/classes:/Users/mbaaxur/.m2/repository/org/jsoup/jsoup/1.11.2/jsoup-1.11.2.jar:/Users/mbaaxur/.m2/repository/org/yaml/snakeyaml/1.21/snakeyaml-1.21.jar:/Users/mbaaxur/.m2/repository/com/squareup/javapoet/1.11.1/javapoet-1.11.1.jar:/Users/mbaaxur/.m2/repository/org/springframework/boot/spring-boot-starter-data-jpa/2.0.6.RELEASE/spring-boot-starter-data-jpa-2.0.6.RELEASE.jar:/Users/mbaaxur/.m2/repository/org/springframework/boot/spring-boot-starter/2.0.6.RELEASE/spring-boot-starter-2.0.6.RELEASE.jar:/Users/mbaaxur/.m2/repository/org/springframework/boot/spring-boot-starter-logging/2.0.6.RELEASE/spring-boot-starter-logging-2.0.6.RELEASE.jar:/Users/mbaaxur/.m2/repository/ch/qos/logback/logback-classic/1.2.3/logback-classic-1.2.3.jar:/Users/mbaaxur/.m2/repository/ch/qos/logback/logback-core/1.2.3/logback-core-1.2.3.jar:/Users/mbaaxur/.m2/repository/org/apache/logging/log4j/log4j-to-slf4j/2.10.0/log4j-to-slf4j-2.10.0.jar:/Users/mbaaxur/.m2/repository/org/apache/logging/log4j/log4j-api/2.10.0/log4j-api-2.10.0.jar:/Users/mbaaxur/.m2/repository/org/slf4j/jul-to-slf4j/1.7.25/jul-to-slf4j-1.7.25.jar:/Users/mbaaxur/.m2/repository/javax/annotation/javax.annotation-api/1.3.2/javax.annotation-api-1.3.2.jar:/Users/mbaaxur/.m2/repository/org/springframework/boot/spring-boot-starter-aop/2.0.6.RELEASE/spring-boot-starter-aop-2.0.6.RELEASE.jar:/Users/mbaaxur/.m2/repository/org/springframework/spring-aop/5.0.10.RELEASE/spring-aop-5.0.10.RELEASE.jar:/Users/mbaaxur/.m2/repository/org/aspectj/aspectjweaver/1.8.13/aspectjweaver-1.8.13.jar:/Users/mbaaxur/.m2/repository/org/springframework/boot/spring-boot-starter-jdbc/2.0.6.RELEASE/spring-boot-starter-jdbc-2.0.6.RELEASE.jar:/Users/mbaaxur/.m2/repository/com/zaxxer/HikariCP/2.7.9/HikariCP-2.7.9.jar:/Users/mbaaxur/.m2/repository/org/springframework/spring-jdbc/5.0.10.RELEASE/spring-jdbc-5.0.10.RELEASE.jar:/Users/mbaaxur/.m2/repository/javax/transaction/javax.transaction-api/1.2/javax.transaction-api-1.2.jar:/Users/mbaaxur/.m2/repository/org/hibernate/hibernate-core/5.2.17.Final/hibernate-core-5.2.17.Final.jar:/Users/mbaaxur/.m2/repository/org/jboss/logging/jboss-logging/3.3.2.Final/jboss-logging-3.3.2.Final.jar:/Users/mbaaxur/.m2/repository/org/hibernate/javax/persistence/hibernate-jpa-2.1-api/1.0.2.Final/hibernate-jpa-2.1-api-1.0.2.Final.jar:/Users/mbaaxur/.m2/repository/antlr/antlr/2.7.7/antlr-2.7.7.jar:/Users/mbaaxur/.m2/repository/org/jboss/jandex/2.0.3.Final/jandex-2.0.3.Final.jar:/Users/mbaaxur/.m2/repository/com/fasterxml/classmate/1.3.4/classmate-1.3.4.jar:/Users/mbaaxur/.m2/repository/dom4j/dom4j/1.6.1/dom4j-1.6.1.jar:/Users/mbaaxur/.m2/repository/org/hibernate/common/hibernate-commons-annotations/5.0.1.Final/hibernate-commons-annotations-5.0.1.Final.jar:/Users/mbaaxur/.m2/repository/org/springframework/data/spring-data-jpa/2.0.11.RELEASE/spring-data-jpa-2.0.11.RELEASE.jar:/Users/mbaaxur/.m2/repository/org/springframework/data/spring-data-commons/2.0.11.RELEASE/spring-data-commons-2.0.11.RELEASE.jar:/Users/mbaaxur/.m2/repository/org/springframework/spring-orm/5.0.10.RELEASE/spring-orm-5.0.10.RELEASE.jar:/Users/mbaaxur/.m2/repository/org/springframework/spring-context/5.0.10.RELEASE/spring-context-5.0.10.RELEASE.jar:/Users/mbaaxur/.m2/repository/org/springframework/spring-tx/5.0.10.RELEASE/spring-tx-5.0.10.RELEASE.jar:/Users/mbaaxur/.m2/repository/org/springframework/spring-beans/5.0.10.RELEASE/spring-beans-5.0.10.RELEASE.jar:/Users/mbaaxur/.m2/repository/org/slf4j/slf4j-api/1.7.25/slf4j-api-1.7.25.jar:/Users/mbaaxur/.m2/repository/org/springframework/spring-aspects/5.0.10.RELEASE/spring-aspects-5.0.10.RELEASE.jar:/Users/mbaaxur/.m2/repository/org/springframework/boot/spring-boot-starter-jersey/2.0.6.RELEASE/spring-boot-starter-jersey-2.0.6.RELEASE.jar:/Users/mbaaxur/.m2/repository/org/springframework/boot/spring-boot-starter-json/2.0.6.RELEASE/spring-boot-starter-json-2.0.6.RELEASE.jar:/Users/mbaaxur/.m2/repository/com/fasterxml/jackson/datatype/jackson-datatype-jdk8/2.9.7/jackson-datatype-jdk8-2.9.7.jar:/Users/mbaaxur/.m2/repository/com/fasterxml/jackson/datatype/jackson-datatype-jsr310/2.9.7/jackson-datatype-jsr310-2.9.7.jar:/Users/mbaaxur/.m2/repository/com/fasterxml/jackson/module/jackson-module-parameter-names/2.9.7/jackson-module-parameter-names-2.9.7.jar:/Users/mbaaxur/.m2/repository/org/springframework/boot/spring-boot-starter-tomcat/2.0.6.RELEASE/spring-boot-starter-tomcat-2.0.6.RELEASE.jar:/Users/mbaaxur/.m2/repository/org/apache/tomcat/embed/tomcat-embed-core/8.5.34/tomcat-embed-core-8.5.34.jar:/Users/mbaaxur/.m2/repository/org/apache/tomcat/embed/tomcat-embed-el/8.5.34/tomcat-embed-el-8.5.34.jar:/Users/mbaaxur/.m2/repository/org/apache/tomcat/embed/tomcat-embed-websocket/8.5.34/tomcat-embed-websocket-8.5.34.jar:/Users/mbaaxur/.m2/repository/org/springframework/boot/spring-boot-starter-validation/2.0.6.RELEASE/spring-boot-starter-validation-2.0.6.RELEASE.jar:/Users/mbaaxur/.m2/repository/org/springframework/spring-web/5.0.10.RELEASE/spring-web-5.0.10.RELEASE.jar:/Users/mbaaxur/.m2/repository/org/glassfish/jersey/core/jersey-server/2.26/jersey-server-2.26.jar:/Users/mbaaxur/.m2/repository/org/glassfish/jersey/core/jersey-common/2.26/jersey-common-2.26.jar:/Users/mbaaxur/.m2/repository/org/glassfish/hk2/osgi-resource-locator/1.0.1/osgi-resource-locator-1.0.1.jar:/Users/mbaaxur/.m2/repository/org/glassfish/jersey/core/jersey-client/2.26/jersey-client-2.26.jar:/Users/mbaaxur/.m2/repository/javax/ws/rs/javax.ws.rs-api/2.1/javax.ws.rs-api-2.1.jar:/Users/mbaaxur/.m2/repository/org/glassfish/jersey/media/jersey-media-jaxb/2.26/jersey-media-jaxb-2.26.jar:/Users/mbaaxur/.m2/repository/javax/validation/validation-api/2.0.1.Final/validation-api-2.0.1.Final.jar:/Users/mbaaxur/.m2/repository/org/glassfish/jersey/containers/jersey-container-servlet-core/2.26/jersey-container-servlet-core-2.26.jar:/Users/mbaaxur/.m2/repository/org/glassfish/jersey/containers/jersey-container-servlet/2.26/jersey-container-servlet-2.26.jar:/Users/mbaaxur/.m2/repository/org/glassfish/jersey/ext/jersey-bean-validation/2.26/jersey-bean-validation-2.26.jar:/Users/mbaaxur/.m2/repository/org/glassfish/jersey/ext/jersey-spring4/2.26/jersey-spring4-2.26.jar:/Users/mbaaxur/.m2/repository/org/glassfish/jersey/inject/jersey-hk2/2.26/jersey-hk2-2.26.jar:/Users/mbaaxur/.m2/repository/org/glassfish/hk2/hk2-locator/2.5.0-b42/hk2-locator-2.5.0-b42.jar:/Users/mbaaxur/.m2/repository/org/glassfish/hk2/external/aopalliance-repackaged/2.5.0-b42/aopalliance-repackaged-2.5.0-b42.jar:/Users/mbaaxur/.m2/repository/org/glassfish/hk2/hk2/2.5.0-b42/hk2-2.5.0-b42.jar:/Users/mbaaxur/.m2/repository/org/glassfish/hk2/hk2-utils/2.5.0-b42/hk2-utils-2.5.0-b42.jar:/Users/mbaaxur/.m2/repository/javax/inject/javax.inject/1/javax.inject-1.jar:/Users/mbaaxur/.m2/repository/org/glassfish/hk2/hk2-api/2.5.0-b42/hk2-api-2.5.0-b42.jar:/Users/mbaaxur/.m2/repository/org/glassfish/hk2/config-types/2.5.0-b42/config-types-2.5.0-b42.jar:/Users/mbaaxur/.m2/repository/org/glassfish/hk2/hk2-core/2.5.0-b42/hk2-core-2.5.0-b42.jar:/Users/mbaaxur/.m2/repository/org/glassfish/hk2/hk2-config/2.5.0-b42/hk2-config-2.5.0-b42.jar:/Users/mbaaxur/.m2/repository/org/glassfish/hk2/hk2-runlevel/2.5.0-b42/hk2-runlevel-2.5.0-b42.jar:/Users/mbaaxur/.m2/repository/org/glassfish/hk2/class-model/2.5.0-b42/class-model-2.5.0-b42.jar:/Users/mbaaxur/.m2/repository/org/glassfish/hk2/external/asm-all-repackaged/2.5.0-b42/asm-all-repackaged-2.5.0-b42.jar:/Users/mbaaxur/.m2/repository/org/glassfish/hk2/spring-bridge/2.5.0-b42/spring-bridge-2.5.0-b42.jar:/Users/mbaaxur/.m2/repository/org/glassfish/jersey/media/jersey-media-json-jackson/2.26/jersey-media-json-jackson-2.26.jar:/Users/mbaaxur/.m2/repository/org/glassfish/jersey/ext/jersey-entity-filtering/2.26/jersey-entity-filtering-2.26.jar:/Users/mbaaxur/.m2/repository/com/fasterxml/jackson/core/jackson-annotations/2.9.0/jackson-annotations-2.9.0.jar:/Users/mbaaxur/.m2/repository/com/fasterxml/jackson/module/jackson-module-jaxb-annotations/2.9.7/jackson-module-jaxb-annotations-2.9.7.jar:/Users/mbaaxur/.m2/repository/org/springframework/boot/spring-boot-starter-web/2.0.6.RELEASE/spring-boot-starter-web-2.0.6.RELEASE.jar:/Users/mbaaxur/.m2/repository/org/hibernate/validator/hibernate-validator/6.0.13.Final/hibernate-validator-6.0.13.Final.jar:/Users/mbaaxur/.m2/repository/org/springframework/spring-webmvc/5.0.10.RELEASE/spring-webmvc-5.0.10.RELEASE.jar:/Users/mbaaxur/.m2/repository/org/springframework/spring-expression/5.0.10.RELEASE/spring-expression-5.0.10.RELEASE.jar:/Users/mbaaxur/.m2/repository/com/h2database/h2/1.4.197/h2-1.4.197.jar:/Users/mbaaxur/.m2/repository/org/springframework/boot/spring-boot-devtools/2.0.6.RELEASE/spring-boot-devtools-2.0.6.RELEASE.jar:/Users/mbaaxur/.m2/repository/org/springframework/boot/spring-boot/2.0.6.RELEASE/spring-boot-2.0.6.RELEASE.jar:/Users/mbaaxur/.m2/repository/org/springframework/boot/spring-boot-autoconfigure/2.0.6.RELEASE/spring-boot-autoconfigure-2.0.6.RELEASE.jar:/Users/mbaaxur/.m2/repository/org/springframework/boot/spring-boot-starter-test/2.0.6.RELEASE/spring-boot-starter-test-2.0.6.RELEASE.jar:/Users/mbaaxur/.m2/repository/org/springframework/boot/spring-boot-test/2.0.6.RELEASE/spring-boot-test-2.0.6.RELEASE.jar:/Users/mbaaxur/.m2/repository/org/springframework/boot/spring-boot-test-autoconfigure/2.0.6.RELEASE/spring-boot-test-autoconfigure-2.0.6.RELEASE.jar:/Users/mbaaxur/.m2/repository/com/jayway/jsonpath/json-path/2.4.0/json-path-2.4.0.jar:/Users/mbaaxur/.m2/repository/net/minidev/json-smart/2.3/json-smart-2.3.jar:/Users/mbaaxur/.m2/repository/net/minidev/accessors-smart/1.2/accessors-smart-1.2.jar:/Users/mbaaxur/.m2/repository/org/ow2/asm/asm/5.0.4/asm-5.0.4.jar:/Users/mbaaxur/.m2/repository/junit/junit/4.12/junit-4.12.jar:/Users/mbaaxur/.m2/repository/org/assertj/assertj-core/3.9.1/assertj-core-3.9.1.jar:/Users/mbaaxur/.m2/repository/org/mockito/mockito-core/2.15.0/mockito-core-2.15.0.jar:/Users/mbaaxur/.m2/repository/net/bytebuddy/byte-buddy/1.7.11/byte-buddy-1.7.11.jar:/Users/mbaaxur/.m2/repository/net/bytebuddy/byte-buddy-agent/1.7.11/byte-buddy-agent-1.7.11.jar:/Users/mbaaxur/.m2/repository/org/objenesis/objenesis/2.6/objenesis-2.6.jar:/Users/mbaaxur/.m2/repository/org/hamcrest/hamcrest-core/1.3/hamcrest-core-1.3.jar:/Users/mbaaxur/.m2/repository/org/hamcrest/hamcrest-library/1.3/hamcrest-library-1.3.jar:/Users/mbaaxur/.m2/repository/org/skyscreamer/jsonassert/1.5.0/jsonassert-1.5.0.jar:/Users/mbaaxur/.m2/repository/com/vaadin/external/google/android-json/0.0.20131108.vaadin1/android-json-0.0.20131108.vaadin1.jar:/Users/mbaaxur/.m2/repository/org/springframework/spring-core/5.0.10.RELEASE/spring-core-5.0.10.RELEASE.jar:/Users/mbaaxur/.m2/repository/org/springframework/spring-jcl/5.0.10.RELEASE/spring-jcl-5.0.10.RELEASE.jar:/Users/mbaaxur/.m2/repository/org/springframework/spring-test/5.0.10.RELEASE/spring-test-5.0.10.RELEASE.jar:/Users/mbaaxur/.m2/repository/org/xmlunit/xmlunit-core/2.5.1/xmlunit-core-2.5.1.jar:/Users/mbaaxur/.m2/repository/org/reflections/reflections/0.9.11/reflections-0.9.11.jar:/Users/mbaaxur/.m2/repository/com/google/guava/guava/20.0/guava-20.0.jar:/Users/mbaaxur/.m2/repository/org/javassist/javassist/3.21.0-GA/javassist-3.21.0-GA.jar:/Users/mbaaxur/.m2/repository/com/shapesecurity/shift/2.1.1/shift-2.1.1.jar:/Users/mbaaxur/.m2/repository/com/intellij/annotations/5.1/annotations-5.1.jar:/Users/mbaaxur/.m2/repository/org/json/json/20090211/json-20090211.jar:/Users/mbaaxur/.m2/repository/com/google/code/gson/gson/2.8.5/gson-2.8.5.jar:/Users/mbaaxur/.m2/repository/com/shapesecurity/shape-functional-java/1.0.1/shape-functional-java-1.0.1.jar:/Users/mbaaxur/.m2/repository/fr/inria/gforge/spoon/spoon-core/7.4.0-beta-16/spoon-core-7.4.0-beta-16.jar:/Users/mbaaxur/.m2/repository/org/eclipse/jdt/org.eclipse.jdt.core/3.15.0/org.eclipse.jdt.core-3.15.0.jar:/Users/mbaaxur/.m2/repository/org/eclipse/platform/org.eclipse.core.resources/3.13.300/org.eclipse.core.resources-3.13.300.jar:/Users/mbaaxur/.m2/repository/org/eclipse/platform/org.eclipse.core.expressions/3.6.300/org.eclipse.core.expressions-3.6.300.jar:/Users/mbaaxur/.m2/repository/org/eclipse/platform/org.eclipse.core.runtime/3.15.200/org.eclipse.core.runtime-3.15.200.jar:/Users/mbaaxur/.m2/repository/org/eclipse/platform/org.eclipse.osgi/3.13.300/org.eclipse.osgi-3.13.300.jar:/Users/mbaaxur/.m2/repository/org/eclipse/platform/org.eclipse.equinox.common/3.10.300/org.eclipse.equinox.common-3.10.300.jar:/Users/mbaaxur/.m2/repository/org/eclipse/platform/org.eclipse.core.jobs/3.10.300/org.eclipse.core.jobs-3.10.300.jar:/Users/mbaaxur/.m2/repository/org/eclipse/platform/org.eclipse.equinox.registry/3.8.300/org.eclipse.equinox.registry-3.8.300.jar:/Users/mbaaxur/.m2/repository/org/eclipse/platform/org.eclipse.equinox.preferences/3.7.300/org.eclipse.equinox.preferences-3.7.300.jar:/Users/mbaaxur/.m2/repository/org/eclipse/platform/org.eclipse.core.contenttype/3.7.300/org.eclipse.core.contenttype-3.7.300.jar:/Users/mbaaxur/.m2/repository/org/eclipse/platform/org.eclipse.equinox.app/1.4.100/org.eclipse.equinox.app-1.4.100.jar:/Users/mbaaxur/.m2/repository/org/eclipse/platform/org.eclipse.core.filesystem/1.7.300/org.eclipse.core.filesystem-1.7.300.jar:/Users/mbaaxur/.m2/repository/org/eclipse/platform/org.eclipse.text/3.8.100/org.eclipse.text-3.8.100.jar:/Users/mbaaxur/.m2/repository/org/eclipse/platform/org.eclipse.core.commands/3.9.300/org.eclipse.core.commands-3.9.300.jar:/Users/mbaaxur/.m2/repository/com/martiansoftware/jsap/2.1/jsap-2.1.jar:/Users/mbaaxur/.m2/repository/log4j/log4j/1.2.17/log4j-1.2.17.jar:/Users/mbaaxur/.m2/repository/commons-io/commons-io/2.6/commons-io-2.6.jar:/Users/mbaaxur/.m2/repository/org/apache/maven/maven-model/3.5.0/maven-model-3.5.0.jar:/Users/mbaaxur/.m2/repository/org/codehaus/plexus/plexus-utils/3.0.24/plexus-utils-3.0.24.jar:/Users/mbaaxur/.m2/repository/org/apache/commons/commons-lang3/3.7/commons-lang3-3.7.jar:/Users/mbaaxur/.m2/repository/org/tukaani/xz/1.8/xz-1.8.jar:/Users/mbaaxur/.m2/repository/com/fasterxml/jackson/core/jackson-databind/2.9.7/jackson-databind-2.9.7.jar:/Users/mbaaxur/.m2/repository/com/fasterxml/jackson/core/jackson-core/2.9.7/jackson-core-2.9.7.jar:/Users/mbaaxur/.m2/repository/org/apache/commons/commons-compress/1.18/commons-compress-1.18.jar:/Users/mbaaxur/.m2/repository/org/apache/maven/shared/maven-invoker/3.0.1/maven-invoker-3.0.1.jar:/Users/mbaaxur/.m2/repository/org/apache/maven/shared/maven-shared-utils/3.2.1/maven-shared-utils-3.2.1.jar:/Users/mbaaxur/.m2/repository/org/codehaus/plexus/plexus-component-annotations/1.7.1/plexus-component-annotations-1.7.1.jar:"/>
    <property name="java.vm.vendor" value="Oracle Corporation"/>
    <property name="sun.arch.data.model" value="64"/>
    <property name="java.vendor.url" value="http://java.oracle.com/"/>
    <property name="user.timezone" value=""/>
    <property name="java.vm.specification.version" value="1.8"/>
    <property name="os.name" value="Mac OS X"/>
    <property name="user.country" value="DE"/>
    <property name="sun.java.launcher" value="SUN_STANDARD"/>
    <property name="sun.boot.library.path" value="/Library/Java/JavaVirtualMachines/jdk1.8.0_131.jdk/Contents/Home/jre/lib"/>
    <property name="sun.java.command" value="/Users/mbaaxur/Documents/gits/WorkbenchCherry/target/surefire/surefirebooter3438931055621265747.jar /Users/mbaaxur/Documents/gits/WorkbenchCherry/target/surefire 2019-04-16T22-05-09_017-jvmRun1 surefire719491967234599573tmp surefire_03348317159117086663tmp"/>
    <property name="http.nonProxyHosts" value="local|*.local|169.254/16|*.169.254/16"/>
    <property name="surefire.test.class.path" value="/Users/mbaaxur/Documents/gits/WorkbenchCherry/target/test-classes:/Users/mbaaxur/Documents/gits/WorkbenchCherry/target/classes:/Users/mbaaxur/.m2/repository/org/jsoup/jsoup/1.11.2/jsoup-1.11.2.jar:/Users/mbaaxur/.m2/repository/org/yaml/snakeyaml/1.21/snakeyaml-1.21.jar:/Users/mbaaxur/.m2/repository/com/squareup/javapoet/1.11.1/javapoet-1.11.1.jar:/Users/mbaaxur/.m2/repository/org/springframework/boot/spring-boot-starter-data-jpa/2.0.6.RELEASE/spring-boot-starter-data-jpa-2.0.6.RELEASE.jar:/Users/mbaaxur/.m2/repository/org/springframework/boot/spring-boot-starter/2.0.6.RELEASE/spring-boot-starter-2.0.6.RELEASE.jar:/Users/mbaaxur/.m2/repository/org/springframework/boot/spring-boot-starter-logging/2.0.6.RELEASE/spring-boot-starter-logging-2.0.6.RELEASE.jar:/Users/mbaaxur/.m2/repository/ch/qos/logback/logback-classic/1.2.3/logback-classic-1.2.3.jar:/Users/mbaaxur/.m2/repository/ch/qos/logback/logback-core/1.2.3/logback-core-1.2.3.jar:/Users/mbaaxur/.m2/repository/org/apache/logging/log4j/log4j-to-slf4j/2.10.0/log4j-to-slf4j-2.10.0.jar:/Users/mbaaxur/.m2/repository/org/apache/logging/log4j/log4j-api/2.10.0/log4j-api-2.10.0.jar:/Users/mbaaxur/.m2/repository/org/slf4j/jul-to-slf4j/1.7.25/jul-to-slf4j-1.7.25.jar:/Users/mbaaxur/.m2/repository/javax/annotation/javax.annotation-api/1.3.2/javax.annotation-api-1.3.2.jar:/Users/mbaaxur/.m2/repository/org/springframework/boot/spring-boot-starter-aop/2.0.6.RELEASE/spring-boot-starter-aop-2.0.6.RELEASE.jar:/Users/mbaaxur/.m2/repository/org/springframework/spring-aop/5.0.10.RELEASE/spring-aop-5.0.10.RELEASE.jar:/Users/mbaaxur/.m2/repository/org/aspectj/aspectjweaver/1.8.13/aspectjweaver-1.8.13.jar:/Users/mbaaxur/.m2/repository/org/springframework/boot/spring-boot-starter-jdbc/2.0.6.RELEASE/spring-boot-starter-jdbc-2.0.6.RELEASE.jar:/Users/mbaaxur/.m2/repository/com/zaxxer/HikariCP/2.7.9/HikariCP-2.7.9.jar:/Users/mbaaxur/.m2/repository/org/springframework/spring-jdbc/5.0.10.RELEASE/spring-jdbc-5.0.10.RELEASE.jar:/Users/mbaaxur/.m2/repository/javax/transaction/javax.transaction-api/1.2/javax.transaction-api-1.2.jar:/Users/mbaaxur/.m2/repository/org/hibernate/hibernate-core/5.2.17.Final/hibernate-core-5.2.17.Final.jar:/Users/mbaaxur/.m2/repository/org/jboss/logging/jboss-logging/3.3.2.Final/jboss-logging-3.3.2.Final.jar:/Users/mbaaxur/.m2/repository/org/hibernate/javax/persistence/hibernate-jpa-2.1-api/1.0.2.Final/hibernate-jpa-2.1-api-1.0.2.Final.jar:/Users/mbaaxur/.m2/repository/antlr/antlr/2.7.7/antlr-2.7.7.jar:/Users/mbaaxur/.m2/repository/org/jboss/jandex/2.0.3.Final/jandex-2.0.3.Final.jar:/Users/mbaaxur/.m2/repository/com/fasterxml/classmate/1.3.4/classmate-1.3.4.jar:/Users/mbaaxur/.m2/repository/dom4j/dom4j/1.6.1/dom4j-1.6.1.jar:/Users/mbaaxur/.m2/repository/org/hibernate/common/hibernate-commons-annotations/5.0.1.Final/hibernate-commons-annotations-5.0.1.Final.jar:/Users/mbaaxur/.m2/repository/org/springframework/data/spring-data-jpa/2.0.11.RELEASE/spring-data-jpa-2.0.11.RELEASE.jar:/Users/mbaaxur/.m2/repository/org/springframework/data/spring-data-commons/2.0.11.RELEASE/spring-data-commons-2.0.11.RELEASE.jar:/Users/mbaaxur/.m2/repository/org/springframework/spring-orm/5.0.10.RELEASE/spring-orm-5.0.10.RELEASE.jar:/Users/mbaaxur/.m2/repository/org/springframework/spring-context/5.0.10.RELEASE/spring-context-5.0.10.RELEASE.jar:/Users/mbaaxur/.m2/repository/org/springframework/spring-tx/5.0.10.RELEASE/spring-tx-5.0.10.RELEASE.jar:/Users/mbaaxur/.m2/repository/org/springframework/spring-beans/5.0.10.RELEASE/spring-beans-5.0.10.RELEASE.jar:/Users/mbaaxur/.m2/repository/org/slf4j/slf4j-api/1.7.25/slf4j-api-1.7.25.jar:/Users/mbaaxur/.m2/repository/org/springframework/spring-aspects/5.0.10.RELEASE/spring-aspects-5.0.10.RELEASE.jar:/Users/mbaaxur/.m2/repository/org/springframework/boot/spring-boot-starter-jersey/2.0.6.RELEASE/spring-boot-starter-jersey-2.0.6.RELEASE.jar:/Users/mbaaxur/.m2/repository/org/springframework/boot/spring-boot-starter-json/2.0.6.RELEASE/spring-boot-starter-json-2.0.6.RELEASE.jar:/Users/mbaaxur/.m2/repository/com/fasterxml/jackson/datatype/jackson-datatype-jdk8/2.9.7/jackson-datatype-jdk8-2.9.7.jar:/Users/mbaaxur/.m2/repository/com/fasterxml/jackson/datatype/jackson-datatype-jsr310/2.9.7/jackson-datatype-jsr310-2.9.7.jar:/Users/mbaaxur/.m2/repository/com/fasterxml/jackson/module/jackson-module-parameter-names/2.9.7/jackson-module-parameter-names-2.9.7.jar:/Users/mbaaxur/.m2/repository/org/springframework/boot/spring-boot-starter-tomcat/2.0.6.RELEASE/spring-boot-starter-tomcat-2.0.6.RELEASE.jar:/Users/mbaaxur/.m2/repository/org/apache/tomcat/embed/tomcat-embed-core/8.5.34/tomcat-embed-core-8.5.34.jar:/Users/mbaaxur/.m2/repository/org/apache/tomcat/embed/tomcat-embed-el/8.5.34/tomcat-embed-el-8.5.34.jar:/Users/mbaaxur/.m2/repository/org/apache/tomcat/embed/tomcat-embed-websocket/8.5.34/tomcat-embed-websocket-8.5.34.jar:/Users/mbaaxur/.m2/repository/org/springframework/boot/spring-boot-starter-validation/2.0.6.RELEASE/spring-boot-starter-validation-2.0.6.RELEASE.jar:/Users/mbaaxur/.m2/repository/org/springframework/spring-web/5.0.10.RELEASE/spring-web-5.0.10.RELEASE.jar:/Users/mbaaxur/.m2/repository/org/glassfish/jersey/core/jersey-server/2.26/jersey-server-2.26.jar:/Users/mbaaxur/.m2/repository/org/glassfish/jersey/core/jersey-common/2.26/jersey-common-2.26.jar:/Users/mbaaxur/.m2/repository/org/glassfish/hk2/osgi-resource-locator/1.0.1/osgi-resource-locator-1.0.1.jar:/Users/mbaaxur/.m2/repository/org/glassfish/jersey/core/jersey-client/2.26/jersey-client-2.26.jar:/Users/mbaaxur/.m2/repository/javax/ws/rs/javax.ws.rs-api/2.1/javax.ws.rs-api-2.1.jar:/Users/mbaaxur/.m2/repository/org/glassfish/jersey/media/jersey-media-jaxb/2.26/jersey-media-jaxb-2.26.jar:/Users/mbaaxur/.m2/repository/javax/validation/validation-api/2.0.1.Final/validation-api-2.0.1.Final.jar:/Users/mbaaxur/.m2/repository/org/glassfish/jersey/containers/jersey-container-servlet-core/2.26/jersey-container-servlet-core-2.26.jar:/Users/mbaaxur/.m2/repository/org/glassfish/jersey/containers/jersey-container-servlet/2.26/jersey-container-servlet-2.26.jar:/Users/mbaaxur/.m2/repository/org/glassfish/jersey/ext/jersey-bean-validation/2.26/jersey-bean-validation-2.26.jar:/Users/mbaaxur/.m2/repository/org/glassfish/jersey/ext/jersey-spring4/2.26/jersey-spring4-2.26.jar:/Users/mbaaxur/.m2/repository/org/glassfish/jersey/inject/jersey-hk2/2.26/jersey-hk2-2.26.jar:/Users/mbaaxur/.m2/repository/org/glassfish/hk2/hk2-locator/2.5.0-b42/hk2-locator-2.5.0-b42.jar:/Users/mbaaxur/.m2/repository/org/glassfish/hk2/external/aopalliance-repackaged/2.5.0-b42/aopalliance-repackaged-2.5.0-b42.jar:/Users/mbaaxur/.m2/repository/org/glassfish/hk2/hk2/2.5.0-b42/hk2-2.5.0-b42.jar:/Users/mbaaxur/.m2/repository/org/glassfish/hk2/hk2-utils/2.5.0-b42/hk2-utils-2.5.0-b42.jar:/Users/mbaaxur/.m2/repository/javax/inject/javax.inject/1/javax.inject-1.jar:/Users/mbaaxur/.m2/repository/org/glassfish/hk2/hk2-api/2.5.0-b42/hk2-api-2.5.0-b42.jar:/Users/mbaaxur/.m2/repository/org/glassfish/hk2/config-types/2.5.0-b42/config-types-2.5.0-b42.jar:/Users/mbaaxur/.m2/repository/org/glassfish/hk2/hk2-core/2.5.0-b42/hk2-core-2.5.0-b42.jar:/Users/mbaaxur/.m2/repository/org/glassfish/hk2/hk2-config/2.5.0-b42/hk2-config-2.5.0-b42.jar:/Users/mbaaxur/.m2/repository/org/glassfish/hk2/hk2-runlevel/2.5.0-b42/hk2-runlevel-2.5.0-b42.jar:/Users/mbaaxur/.m2/repository/org/glassfish/hk2/class-model/2.5.0-b42/class-model-2.5.0-b42.jar:/Users/mbaaxur/.m2/repository/org/glassfish/hk2/external/asm-all-repackaged/2.5.0-b42/asm-all-repackaged-2.5.0-b42.jar:/Users/mbaaxur/.m2/repository/org/glassfish/hk2/spring-bridge/2.5.0-b42/spring-bridge-2.5.0-b42.jar:/Users/mbaaxur/.m2/repository/org/glassfish/jersey/media/jersey-media-json-jackson/2.26/jersey-media-json-jackson-2.26.jar:/Users/mbaaxur/.m2/repository/org/glassfish/jersey/ext/jersey-entity-filtering/2.26/jersey-entity-filtering-2.26.jar:/Users/mbaaxur/.m2/repository/com/fasterxml/jackson/core/jackson-annotations/2.9.0/jackson-annotations-2.9.0.jar:/Users/mbaaxur/.m2/repository/com/fasterxml/jackson/module/jackson-module-jaxb-annotations/2.9.7/jackson-module-jaxb-annotations-2.9.7.jar:/Users/mbaaxur/.m2/repository/org/springframework/boot/spring-boot-starter-web/2.0.6.RELEASE/spring-boot-starter-web-2.0.6.RELEASE.jar:/Users/mbaaxur/.m2/repository/org/hibernate/validator/hibernate-validator/6.0.13.Final/hibernate-validator-6.0.13.Final.jar:/Users/mbaaxur/.m2/repository/org/springframework/spring-webmvc/5.0.10.RELEASE/spring-webmvc-5.0.10.RELEASE.jar:/Users/mbaaxur/.m2/repository/org/springframework/spring-expression/5.0.10.RELEASE/spring-expression-5.0.10.RELEASE.jar:/Users/mbaaxur/.m2/repository/com/h2database/h2/1.4.197/h2-1.4.197.jar:/Users/mbaaxur/.m2/repository/org/springframework/boot/spring-boot-devtools/2.0.6.RELEASE/spring-boot-devtools-2.0.6.RELEASE.jar:/Users/mbaaxur/.m2/repository/org/springframework/boot/spring-boot/2.0.6.RELEASE/spring-boot-2.0.6.RELEASE.jar:/Users/mbaaxur/.m2/repository/org/springframework/boot/spring-boot-autoconfigure/2.0.6.RELEASE/spring-boot-autoconfigure-2.0.6.RELEASE.jar:/Users/mbaaxur/.m2/repository/org/springframework/boot/spring-boot-starter-test/2.0.6.RELEASE/spring-boot-starter-test-2.0.6.RELEASE.jar:/Users/mbaaxur/.m2/repository/org/springframework/boot/spring-boot-test/2.0.6.RELEASE/spring-boot-test-2.0.6.RELEASE.jar:/Users/mbaaxur/.m2/repository/org/springframework/boot/spring-boot-test-autoconfigure/2.0.6.RELEASE/spring-boot-test-autoconfigure-2.0.6.RELEASE.jar:/Users/mbaaxur/.m2/repository/com/jayway/jsonpath/json-path/2.4.0/json-path-2.4.0.jar:/Users/mbaaxur/.m2/repository/net/minidev/json-smart/2.3/json-smart-2.3.jar:/Users/mbaaxur/.m2/repository/net/minidev/accessors-smart/1.2/accessors-smart-1.2.jar:/Users/mbaaxur/.m2/repository/org/ow2/asm/asm/5.0.4/asm-5.0.4.jar:/Users/mbaaxur/.m2/repository/junit/junit/4.12/junit-4.12.jar:/Users/mbaaxur/.m2/repository/org/assertj/assertj-core/3.9.1/assertj-core-3.9.1.jar:/Users/mbaaxur/.m2/repository/org/mockito/mockito-core/2.15.0/mockito-core-2.15.0.jar:/Users/mbaaxur/.m2/repository/net/bytebuddy/byte-buddy/1.7.11/byte-buddy-1.7.11.jar:/Users/mbaaxur/.m2/repository/net/bytebuddy/byte-buddy-agent/1.7.11/byte-buddy-agent-1.7.11.jar:/Users/mbaaxur/.m2/repository/org/objenesis/objenesis/2.6/objenesis-2.6.jar:/Users/mbaaxur/.m2/repository/org/hamcrest/hamcrest-core/1.3/hamcrest-core-1.3.jar:/Users/mbaaxur/.m2/repository/org/hamcrest/hamcrest-library/1.3/hamcrest-library-1.3.jar:/Users/mbaaxur/.m2/repository/org/skyscreamer/jsonassert/1.5.0/jsonassert-1.5.0.jar:/Users/mbaaxur/.m2/repository/com/vaadin/external/google/android-json/0.0.20131108.vaadin1/android-json-0.0.20131108.vaadin1.jar:/Users/mbaaxur/.m2/repository/org/springframework/spring-core/5.0.10.RELEASE/spring-core-5.0.10.RELEASE.jar:/Users/mbaaxur/.m2/repository/org/springframework/spring-jcl/5.0.10.RELEASE/spring-jcl-5.0.10.RELEASE.jar:/Users/mbaaxur/.m2/repository/org/springframework/spring-test/5.0.10.RELEASE/spring-test-5.0.10.RELEASE.jar:/Users/mbaaxur/.m2/repository/org/xmlunit/xmlunit-core/2.5.1/xmlunit-core-2.5.1.jar:/Users/mbaaxur/.m2/repository/org/reflections/reflections/0.9.11/reflections-0.9.11.jar:/Users/mbaaxur/.m2/repository/com/google/guava/guava/20.0/guava-20.0.jar:/Users/mbaaxur/.m2/repository/org/javassist/javassist/3.21.0-GA/javassist-3.21.0-GA.jar:/Users/mbaaxur/.m2/repository/com/shapesecurity/shift/2.1.1/shift-2.1.1.jar:/Users/mbaaxur/.m2/repository/com/intellij/annotations/5.1/annotations-5.1.jar:/Users/mbaaxur/.m2/repository/org/json/json/20090211/json-20090211.jar:/Users/mbaaxur/.m2/repository/com/google/code/gson/gson/2.8.5/gson-2.8.5.jar:/Users/mbaaxur/.m2/repository/com/shapesecurity/shape-functional-java/1.0.1/shape-functional-java-1.0.1.jar:/Users/mbaaxur/.m2/repository/fr/inria/gforge/spoon/spoon-core/7.4.0-beta-16/spoon-core-7.4.0-beta-16.jar:/Users/mbaaxur/.m2/repository/org/eclipse/jdt/org.eclipse.jdt.core/3.15.0/org.eclipse.jdt.core-3.15.0.jar:/Users/mbaaxur/.m2/repository/org/eclipse/platform/org.eclipse.core.resources/3.13.300/org.eclipse.core.resources-3.13.300.jar:/Users/mbaaxur/.m2/repository/org/eclipse/platform/org.eclipse.core.expressions/3.6.300/org.eclipse.core.expressions-3.6.300.jar:/Users/mbaaxur/.m2/repository/org/eclipse/platform/org.eclipse.core.runtime/3.15.200/org.eclipse.core.runtime-3.15.200.jar:/Users/mbaaxur/.m2/repository/org/eclipse/platform/org.eclipse.osgi/3.13.300/org.eclipse.osgi-3.13.300.jar:/Users/mbaaxur/.m2/repository/org/eclipse/platform/org.eclipse.equinox.common/3.10.300/org.eclipse.equinox.common-3.10.300.jar:/Users/mbaaxur/.m2/repository/org/eclipse/platform/org.eclipse.core.jobs/3.10.300/org.eclipse.core.jobs-3.10.300.jar:/Users/mbaaxur/.m2/repository/org/eclipse/platform/org.eclipse.equinox.registry/3.8.300/org.eclipse.equinox.registry-3.8.300.jar:/Users/mbaaxur/.m2/repository/org/eclipse/platform/org.eclipse.equinox.preferences/3.7.300/org.eclipse.equinox.preferences-3.7.300.jar:/Users/mbaaxur/.m2/repository/org/eclipse/platform/org.eclipse.core.contenttype/3.7.300/org.eclipse.core.contenttype-3.7.300.jar:/Users/mbaaxur/.m2/repository/org/eclipse/platform/org.eclipse.equinox.app/1.4.100/org.eclipse.equinox.app-1.4.100.jar:/Users/mbaaxur/.m2/repository/org/eclipse/platform/org.eclipse.core.filesystem/1.7.300/org.eclipse.core.filesystem-1.7.300.jar:/Users/mbaaxur/.m2/repository/org/eclipse/platform/org.eclipse.text/3.8.100/org.eclipse.text-3.8.100.jar:/Users/mbaaxur/.m2/repository/org/eclipse/platform/org.eclipse.core.commands/3.9.300/org.eclipse.core.commands-3.9.300.jar:/Users/mbaaxur/.m2/repository/com/martiansoftware/jsap/2.1/jsap-2.1.jar:/Users/mbaaxur/.m2/repository/log4j/log4j/1.2.17/log4j-1.2.17.jar:/Users/mbaaxur/.m2/repository/commons-io/commons-io/2.6/commons-io-2.6.jar:/Users/mbaaxur/.m2/repository/org/apache/maven/maven-model/3.5.0/maven-model-3.5.0.jar:/Users/mbaaxur/.m2/repository/org/codehaus/plexus/plexus-utils/3.0.24/plexus-utils-3.0.24.jar:/Users/mbaaxur/.m2/repository/org/apache/commons/commons-lang3/3.7/commons-lang3-3.7.jar:/Users/mbaaxur/.m2/repository/org/tukaani/xz/1.8/xz-1.8.jar:/Users/mbaaxur/.m2/repository/com/fasterxml/jackson/core/jackson-databind/2.9.7/jackson-databind-2.9.7.jar:/Users/mbaaxur/.m2/repository/com/fasterxml/jackson/core/jackson-core/2.9.7/jackson-core-2.9.7.jar:/Users/mbaaxur/.m2/repository/org/apache/commons/commons-compress/1.18/commons-compress-1.18.jar:/Users/mbaaxur/.m2/repository/org/apache/maven/shared/maven-invoker/3.0.1/maven-invoker-3.0.1.jar:/Users/mbaaxur/.m2/repository/org/apache/maven/shared/maven-shared-utils/3.2.1/maven-shared-utils-3.2.1.jar:/Users/mbaaxur/.m2/repository/org/codehaus/plexus/plexus-component-annotations/1.7.1/plexus-component-annotations-1.7.1.jar:"/>
    <property name="sun.cpu.endian" value="little"/>
    <property name="user.home" value="/Users/mbaaxur"/>
    <property name="user.language" value="de"/>
    <property name="java.specification.vendor" value="Oracle Corporation"/>
    <property name="java.home" value="/Library/Java/JavaVirtualMachines/jdk1.8.0_131.jdk/Contents/Home/jre"/>
    <property name="basedir" value="/Users/mbaaxur/Documents/gits/WorkbenchCherry"/>
    <property name="file.separator" value="/"/>
    <property name="line.separator" value="&#10;"/>
    <property name="java.vm.specification.vendor" value="Oracle Corporation"/>
    <property name="java.specification.name" value="Java Platform API Specification"/>
    <property name="java.awt.graphicsenv" value="sun.awt.CGraphicsEnvironment"/>
    <property name="surefire.real.class.path" value="/Users/mbaaxur/Documents/gits/WorkbenchCherry/target/surefire/surefirebooter3438931055621265747.jar"/>
    <property name="sun.boot.class.path" value="/Library/Java/JavaVirtualMachines/jdk1.8.0_131.jdk/Contents/Home/jre/lib/resources.jar:/Library/Java/JavaVirtualMachines/jdk1.8.0_131.jdk/Contents/Home/jre/lib/rt.jar:/Library/Java/JavaVirtualMachines/jdk1.8.0_131.jdk/Contents/Home/jre/lib/sunrsasign.jar:/Library/Java/JavaVirtualMachines/jdk1.8.0_131.jdk/Contents/Home/jre/lib/jsse.jar:/Library/Java/JavaVirtualMachines/jdk1.8.0_131.jdk/Contents/Home/jre/lib/jce.jar:/Library/Java/JavaVirtualMachines/jdk1.8.0_131.jdk/Contents/Home/jre/lib/charsets.jar:/Library/Java/JavaVirtualMachines/jdk1.8.0_131.jdk/Contents/Home/jre/lib/jfr.jar:/Library/Java/JavaVirtualMachines/jdk1.8.0_131.jdk/Contents/Home/jre/classes"/>
    <property name="sun.management.compiler" value="HotSpot 64-Bit Tiered Compilers"/>
    <property name="ftp.nonProxyHosts" value="local|*.local|169.254/16|*.169.254/16"/>
    <property name="java.runtime.version" value="1.8.0_131-b11"/>
    <property name="user.name" value="mbaaxur"/>
    <property name="path.separator" value=":"/>
    <property name="os.version" value="10.14.4"/>
    <property name="java.endorsed.dirs" value="/Library/Java/JavaVirtualMachines/jdk1.8.0_131.jdk/Contents/Home/jre/lib/endorsed"/>
    <property name="java.runtime.name" value="Java(TM) SE Runtime Environment"/>
    <property name="file.encoding" value="UTF-8"/>
    <property name="java.vm.name" value="Java HotSpot(TM) 64-Bit Server VM"/>
    <property name="localRepository" value="/Users/mbaaxur/.m2/repository"/>
    <property name="java.vendor.url.bug" value="http://bugreport.sun.com/bugreport/"/>
    <property name="java.io.tmpdir" value="/var/folders/9_/2cxjy90j2y9dcd_n25spsrnm0000gn/T/"/>
    <property name="idea.version" value="2018.3.6"/>
    <property name="java.version" value="1.8.0_131"/>
    <property name="user.dir" value="/Users/mbaaxur/Documents/gits/WorkbenchCherry"/>
    <property name="os.arch" value="x86_64"/>
    <property name="java.vm.specification.name" value="Java Virtual Machine Specification"/>
    <property name="java.awt.printerjob" value="sun.lwawt.macosx.CPrinterJob"/>
    <property name="sun.os.patch.level" value="unknown"/>
    <property name="java.library.path" value="/Users/mbaaxur/Library/Java/Extensions:/Library/Java/Extensions:/Network/Library/Java/Extensions:/System/Library/Java/Extensions:/usr/lib/java:."/>
    <property name="java.vm.info" value="mixed mode"/>
    <property name="java.vendor" value="Oracle Corporation"/>
    <property name="java.vm.version" value="25.131-b11"/>
    <property name="java.ext.dirs" value="/Users/mbaaxur/Library/Java/Extensions:/Library/Java/JavaVirtualMachines/jdk1.8.0_131.jdk/Contents/Home/jre/lib/ext:/Library/Java/Extensions:/Network/Library/Java/Extensions:/System/Library/Java/Extensions:/usr/lib/java"/>
    <property name="sun.io.unicode.encoding" value="UnicodeBig"/>
    <property name="java.class.version" value="52.0"/>
    <property name="socksNonProxyHosts" value="local|*.local|169.254/16|*.169.254/16"/>
  </properties>
  <testcase name="allMethods" classname="de.cherry.workbench.explorer.ClassExplorerTest" time="0"/>
  <testcase name="getAll" classname="de.cherry.workbench.explorer.ClassExplorerTest" time="0.229"/>
  <testcase name="allInPackages" classname="de.cherry.workbench.explorer.ClassExplorerTest" time="0.001"/>
  <testcase name="allNonStaticMethods" classname="de.cherry.workbench.explorer.ClassExplorerTest" time="0"/>
  <testcase name="allStaticMethods" classname="de.cherry.workbench.explorer.ClassExplorerTest" time="0"/>
  <testcase name="allPackages" classname="de.cherry.workbench.explorer.ClassExplorerTest" time="0.014"/>
</testsuite>